# JRE version: OpenJDK Runtime Environment (7.0_65-b32) (build 1.7.0_65-b32)
# Java VM: OpenJDK 64-Bit Server VM (24.65-b04 mixed mode linux-amd64 compressed oops)
Heap
 PSYoungGen      total 597504K, used 0K [0x00000007d8000000, 0x0000000800000000, 0x0000000800000000)
  eden space 589824K, 0% used [0x00000007d8000000,0x00000007d8000000,0x00000007fc000000)
  from space 7680K, 0% used [0x00000007fe800000,0x00000007fe800000,0x00000007fef80000)
  to   space 32768K, 0% used [0x00000007fc000000,0x00000007fc000000,0x00000007fe000000)
 ParOldGen       total 81920K, used 77578K [0x0000000788000000, 0x000000078d000000, 0x00000007d8000000)
  object space 81920K, 94% used [0x0000000788000000,0x000000078cbc2bd8,0x000000078d000000)
 PSPermGen       total 49664K, used 49377K [0x000000077da00000, 0x0000000780a80000, 0x0000000788000000)
  object space 49664K, 99% used [0x000000077da00000,0x0000000780a384a0,0x0000000780a80000)
GC Heap History (10 events):
Event: 10,552 GC heap after
Heap after GC invocations=10 (full 0):
 PSYoungGen      total 400384K, used 6408K [0x00000007d8000000, 0x00000007f1000000, 0x0000000800000000)
  eden space 391168K, 0% used [0x00000007d8000000,0x00000007d8000000,0x00000007efe00000)
  from space 9216K, 69% used [0x00000007f0700000,0x00000007f0d42278,0x00000007f1000000)
  to   space 9216K, 0% used [0x00000007efe00000,0x00000007efe00000,0x00000007f0700000)
 ParOldGen       total 81920K, used 10115K [0x0000000788000000, 0x000000078d000000, 0x00000007d8000000)
  object space 81920K, 12% used [0x0000000788000000,0x00000007889e0f20,0x000000078d000000)
 PSPermGen       total 32256K, used 31891K [0x000000077da00000, 0x000000077f980000, 0x0000000788000000)
  object space 32256K, 98% used [0x000000077da00000,0x000000077f924de0,0x000000077f980000)
}
Event: 15,204 GC heap before
{Heap before GC invocations=11 (full 0):
 PSYoungGen      total 400384K, used 397576K [0x00000007d8000000, 0x00000007f1000000, 0x0000000800000000)
  eden space 391168K, 100% used [0x00000007d8000000,0x00000007efe00000,0x00000007efe00000)
  from space 9216K, 69% used [0x00000007f0700000,0x00000007f0d42278,0x00000007f1000000)
  to   space 9216K, 0% used [0x00000007efe00000,0x00000007efe00000,0x00000007f0700000)
 ParOldGen       total 81920K, used 10115K [0x0000000788000000, 0x000000078d000000, 0x00000007d8000000)
  object space 81920K, 12% used [0x0000000788000000,0x00000007889e0f20,0x000000078d000000)
 PSPermGen       total 40448K, used 40321K [0x000000077da00000, 0x0000000780180000, 0x0000000788000000)
  object space 40448K, 99% used [0x000000077da00000,0x00000007801606a0,0x0000000780180000)
Event: 15,242 GC heap after
Heap after GC invocations=11 (full 0):
 PSYoungGen      total 400384K, used 7864K [0x00000007d8000000, 0x00000007ff680000, 0x0000000800000000)
  eden space 391168K, 0% used [0x00000007d8000000,0x00000007d8000000,0x00000007efe00000)
  from space 9216K, 85% used [0x00000007efe00000,0x00000007f05ae040,0x00000007f0700000)
  to   space 9728K, 0% used [0x00000007fed00000,0x00000007fed00000,0x00000007ff680000)
 ParOldGen       total 81920K, used 16260K [0x0000000788000000, 0x000000078d000000, 0x00000007d8000000)
  object space 81920K, 19% used [0x0000000788000000,0x0000000788fe1090,0x000000078d000000)
 PSPermGen       total 40448K, used 40321K [0x000000077da00000, 0x0000000780180000, 0x0000000788000000)
  object space 40448K, 99% used [0x000000077da00000,0x00000007801606a0,0x0000000780180000)
}
Event: 19,501 GC heap before
{Heap before GC invocations=12 (full 0):
 PSYoungGen      total 400384K, used 399032K [0x00000007d8000000, 0x00000007ff680000, 0x0000000800000000)
  eden space 391168K, 100% used [0x00000007d8000000,0x00000007efe00000,0x00000007efe00000)
  from space 9216K, 85% used [0x00000007efe00000,0x00000007f05ae040,0x00000007f0700000)
  to   space 9728K, 0% used [0x00000007fed00000,0x00000007fed00000,0x00000007ff680000)
 ParOldGen       total 81920K, used 16260K [0x0000000788000000, 0x000000078d000000, 0x00000007d8000000)
  object space 81920K, 19% used [0x0000000788000000,0x0000000788fe1090,0x000000078d000000)
 PSPermGen       total 47104K, used 46834K [0x000000077da00000, 0x0000000780800000, 0x0000000788000000)
  object space 47104K, 99% used [0x000000077da00000,0x00000007807bca00,0x0000000780800000)
Event: 19,540 GC heap after
Heap after GC invocations=12 (full 0):
 PSYoungGen      total 382976K, used 9712K [0x00000007d8000000, 0x00000007ff680000, 0x0000000800000000)
  eden space 373248K, 0% used [0x00000007d8000000,0x00000007d8000000,0x00000007eec80000)
  from space 9728K, 99% used [0x00000007fed00000,0x00000007ff67c010,0x00000007ff680000)
  to   space 14848K, 0% used [0x00000007fd980000,0x00000007fd980000,0x00000007fe800000)
 ParOldGen       total 81920K, used 27296K [0x0000000788000000, 0x000000078d000000, 0x00000007d8000000)
  object space 81920K, 33% used [0x0000000788000000,0x0000000789aa82c0,0x000000078d000000)
 PSPermGen       total 47104K, used 46834K [0x000000077da00000, 0x0000000780800000, 0x0000000788000000)
  object space 47104K, 99% used [0x000000077da00000,0x00000007807bca00,0x0000000780800000)
}
Event: 21,444 GC heap before
{Heap before GC invocations=13 (full 0):
 PSYoungGen      total 382976K, used 382960K [0x00000007d8000000, 0x00000007ff680000, 0x0000000800000000)
  eden space 373248K, 100% used [0x00000007d8000000,0x00000007eec80000,0x00000007eec80000)
  from space 9728K, 99% used [0x00000007fed00000,0x00000007ff67c010,0x00000007ff680000)
  to   space 14848K, 0% used [0x00000007fd980000,0x00000007fd980000,0x00000007fe800000)
 ParOldGen       total 81920K, used 27296K [0x0000000788000000, 0x000000078d000000, 0x00000007d8000000)
  object space 81920K, 33% used [0x0000000788000000,0x0000000789aa82c0,0x000000078d000000)
 PSPermGen       total 47104K, used 46989K [0x000000077da00000, 0x0000000780800000, 0x0000000788000000)
  object space 47104K, 99% used [0x000000077da00000,0x00000007807e3770,0x0000000780800000)
Event: 21,493 GC heap after
Heap after GC invocations=13 (full 0):
 PSYoungGen      total 612352K, used 14844K [0x00000007d8000000, 0x00000007fef80000, 0x0000000800000000)
  eden space 597504K, 0% used [0x00000007d8000000,0x00000007d8000000,0x00000007fc780000)
  from space 14848K, 99% used [0x00000007fd980000,0x00000007fe7ff3e0,0x00000007fe800000)
  to   space 7680K, 0% used [0x00000007fe800000,0x00000007fe800000,0x00000007fef80000)
 ParOldGen       total 81920K, used 37285K [0x0000000788000000, 0x000000078d000000, 0x00000007d8000000)
  object space 81920K, 45% used [0x0000000788000000,0x000000078a4696f8,0x000000078d000000)
 PSPermGen       total 47104K, used 46989K [0x000000077da00000, 0x0000000780800000, 0x0000000788000000)
  object space 47104K, 99% used [0x000000077da00000,0x00000007807e3770,0x0000000780800000)
}
Event: 25,603 GC heap before
{Heap before GC invocations=14 (full 0):
 PSYoungGen      total 612352K, used 612348K [0x00000007d8000000, 0x00000007fef80000, 0x0000000800000000)
  eden space 597504K, 100% used [0x00000007d8000000,0x00000007fc780000,0x00000007fc780000)
  from space 14848K, 99% used [0x00000007fd980000,0x00000007fe7ff3e0,0x00000007fe800000)
  to   space 7680K, 0% used [0x00000007fe800000,0x00000007fe800000,0x00000007fef80000)
 ParOldGen       total 81920K, used 37285K [0x0000000788000000, 0x000000078d000000, 0x00000007d8000000)
  object space 81920K, 45% used [0x0000000788000000,0x000000078a4696f8,0x000000078d000000)
 PSPermGen       total 49664K, used 49405K [0x000000077da00000, 0x0000000780a80000, 0x0000000788000000)
  object space 49664K, 99% used [0x000000077da00000,0x0000000780a3f7f0,0x0000000780a80000)
Event: 25,655 GC heap after
Heap after GC invocations=14 (full 0):
 PSYoungGen      total 597504K, used 7680K [0x00000007d8000000, 0x0000000800000000, 0x0000000800000000)
  eden space 589824K, 0% used [0x00000007d8000000,0x00000007d8000000,0x00000007fc000000)
  from space 7680K, 100% used [0x00000007fe800000,0x00000007fef80000,0x00000007fef80000)
  to   space 32768K, 0% used [0x00000007fc000000,0x00000007fc000000,0x00000007fe000000)
 ParOldGen       total 81920K, used 74823K [0x0000000788000000, 0x000000078d000000, 0x00000007d8000000)
  object space 81920K, 91% used [0x0000000788000000,0x000000078c911fe8,0x000000078d000000)
 PSPermGen       total 49664K, used 49405K [0x000000077da00000, 0x0000000780a80000, 0x0000000788000000)
  object space 49664K, 99% used [0x000000077da00000,0x0000000780a3f7f0,0x0000000780a80000)
}
Event: 25,655 GC heap before
{Heap before GC invocations=15 (full 1):
 PSYoungGen      total 597504K, used 7680K [0x00000007d8000000, 0x0000000800000000, 0x0000000800000000)
  eden space 589824K, 0% used [0x00000007d8000000,0x00000007d8000000,0x00000007fc000000)
  from space 7680K, 100% used [0x00000007fe800000,0x00000007fef80000,0x00000007fef80000)
  to   space 32768K, 0% used [0x00000007fc000000,0x00000007fc000000,0x00000007fe000000)
 ParOldGen       total 81920K, used 74823K [0x0000000788000000, 0x000000078d000000, 0x00000007d8000000)
  object space 81920K, 91% used [0x0000000788000000,0x000000078c911fe8,0x000000078d000000)
 PSPermGen       total 49664K, used 49405K [0x000000077da00000, 0x0000000780a80000, 0x0000000788000000)
  object space 49664K, 99% used [0x000000077da00000,0x0000000780a3f7f0,0x0000000780a80000)

